2025-03-09 13:26:26,000 - visual_ai_assistant - INFO - Database initialized successfully
2025-03-09 13:27:35,867 - visual_ai_assistant - INFO - Voice synthesizer initialized
2025-03-09 13:27:35,869 - visual_ai_assistant - INFO - AI Assistant initialized
2025-03-09 13:27:35,870 - visual_ai_assistant - INFO - Search API initialized
2025-03-09 13:27:35,889 - visual_ai_assistant - INFO - Database initialized successfully
2025-03-09 13:28:03,328 - visual_ai_assistant - INFO - Voice synthesizer initialized
2025-03-09 13:28:03,328 - visual_ai_assistant - INFO - AI Assistant initialized
2025-03-09 13:28:03,329 - visual_ai_assistant - INFO - Search API initialized
2025-03-09 13:28:03,349 - visual_ai_assistant - INFO - Database initialized successfully
2025-03-09 13:28:03,680 - visual_ai_assistant - INFO - Voice synthesizer initialized
2025-03-09 13:28:03,680 - visual_ai_assistant - INFO - AI Assistant initialized
2025-03-09 13:28:03,681 - visual_ai_assistant - INFO - Search API initialized
2025-03-09 13:28:03,700 - visual_ai_assistant - INFO - Database initialized successfully
2025-03-09 13:28:06,350 - visual_ai_assistant - INFO - Voice synthesizer initialized
2025-03-09 13:28:06,351 - visual_ai_assistant - INFO - AI Assistant initialized
2025-03-09 13:28:06,351 - visual_ai_assistant - INFO - Search API initialized
2025-03-09 13:28:06,370 - visual_ai_assistant - INFO - Database initialized successfully
2025-03-09 13:28:12,545 - visual_ai_assistant - INFO - Client connected: lteYIP6G784K_5_LAAAB
2025-03-09 13:28:19,759 - visual_ai_assistant - INFO - Voice synthesizer initialized
2025-03-09 13:28:19,760 - visual_ai_assistant - INFO - AI Assistant initialized
2025-03-09 13:28:19,760 - visual_ai_assistant - INFO - Search API initialized
2025-03-09 13:28:19,779 - visual_ai_assistant - INFO - Database initialized successfully
2025-03-09 13:28:20,857 - visual_ai_assistant - INFO - Voice synthesizer initialized
2025-03-09 13:28:20,857 - visual_ai_assistant - INFO - AI Assistant initialized
2025-03-09 13:28:20,858 - visual_ai_assistant - INFO - Search API initialized
2025-03-09 13:28:20,876 - visual_ai_assistant - INFO - Database initialized successfully
2025-03-09 13:28:56,480 - visual_ai_assistant - INFO - Voice synthesizer initialized
2025-03-09 13:28:56,480 - visual_ai_assistant - INFO - AI Assistant initialized
2025-03-09 13:28:56,502 - visual_ai_assistant - INFO - Search API initialized
2025-03-09 13:28:56,536 - visual_ai_assistant - INFO - Database initialized successfully
2025-03-09 13:28:57,994 - visual_ai_assistant - INFO - Voice synthesizer initialized
2025-03-09 13:28:57,995 - visual_ai_assistant - INFO - AI Assistant initialized
2025-03-09 13:28:57,996 - visual_ai_assistant - INFO - Search API initialized
2025-03-09 13:28:58,021 - visual_ai_assistant - INFO - Database initialized successfully
2025-03-09 13:28:58,245 - visual_ai_assistant - INFO - Client connected: e5YZSNVRDM6HPNz_AAAB
2025-03-09 13:28:59,664 - visual_ai_assistant - INFO - Voice synthesizer initialized
2025-03-09 13:28:59,665 - visual_ai_assistant - INFO - AI Assistant initialized
2025-03-09 13:28:59,666 - visual_ai_assistant - INFO - Search API initialized
2025-03-09 13:28:59,691 - visual_ai_assistant - INFO - Database initialized successfully
2025-03-09 13:29:01,168 - visual_ai_assistant - INFO - Voice synthesizer initialized
2025-03-09 13:29:01,169 - visual_ai_assistant - INFO - AI Assistant initialized
2025-03-09 13:29:01,171 - visual_ai_assistant - INFO - Search API initialized
2025-03-09 13:29:01,190 - visual_ai_assistant - INFO - Database initialized successfully
2025-03-09 13:29:01,631 - visual_ai_assistant - INFO - Client connected: VmKfqKK-SKQB_KtaAAAB
2025-03-09 13:29:36,800 - visual_ai_assistant - INFO - Voice synthesizer initialized
2025-03-09 13:29:36,800 - visual_ai_assistant - INFO - AI Assistant initialized
2025-03-09 13:29:36,801 - visual_ai_assistant - INFO - Search API initialized
2025-03-09 13:29:36,820 - visual_ai_assistant - INFO - Database initialized successfully
2025-03-09 13:29:38,733 - visual_ai_assistant - INFO - Client connected: Cf3glS9Ei5XVJdu6AAAB
2025-03-09 13:30:38,584 - visual_ai_assistant - INFO - Voice synthesizer initialized
2025-03-09 13:30:38,585 - visual_ai_assistant - INFO - AI Assistant initialized
2025-03-09 13:30:38,585 - visual_ai_assistant - INFO - Search API initialized
2025-03-09 13:30:38,604 - visual_ai_assistant - INFO - Database initialized successfully
2025-03-09 13:30:39,853 - visual_ai_assistant - INFO - Client connected: AMSqb2L-CiQXI3_CAAAB
2025-03-09 13:32:21,633 - visual_ai_assistant - INFO - Voice synthesizer initialized
2025-03-09 13:32:21,634 - visual_ai_assistant - INFO - AI Assistant initialized
2025-03-09 13:32:21,635 - visual_ai_assistant - INFO - Search API initialized
2025-03-09 13:32:21,654 - visual_ai_assistant - INFO - Database initialized successfully
2025-03-09 13:35:29,796 - visual_ai_assistant - INFO - Client disconnected: AMSqb2L-CiQXI3_CAAAB
2025-03-09 13:35:30,704 - visual_ai_assistant - INFO - Client connected: MMYicMtYx5hgn9VPAAAD
2025-03-09 13:47:42,035 - visual_ai_assistant - INFO - Client disconnected: MMYicMtYx5hgn9VPAAAD
2025-03-09 13:57:57,162 - visual_ai_assistant - INFO - Voice synthesizer initialized
2025-03-09 13:57:57,163 - visual_ai_assistant - INFO - AI Assistant initialized
2025-03-09 13:57:57,165 - visual_ai_assistant - INFO - Search API initialized
2025-03-09 13:57:57,202 - visual_ai_assistant - INFO - Database initialized successfully
2025-03-09 13:57:57,703 - visual_ai_assistant - INFO - Voice synthesizer initialized
2025-03-09 13:57:57,704 - visual_ai_assistant - INFO - AI Assistant initialized
2025-03-09 13:57:57,705 - visual_ai_assistant - INFO - Search API initialized
2025-03-09 13:57:57,733 - visual_ai_assistant - INFO - Database initialized successfully
2025-03-09 14:09:48,423 - INFO - Voice synthesizer initialized
2025-03-09 14:09:48,425 - INFO - AI Assistant initialized
2025-03-09 14:09:48,426 - INFO - Search API initialized
2025-03-09 14:09:48,839 - INFO - Voice synthesizer initialized
2025-03-09 14:09:48,840 - INFO - AI Assistant initialized
2025-03-09 14:09:48,840 - INFO - Search API initialized
2025-03-09 14:10:07,025 - INFO - Client connected: HsH261IOUWd46So2AAAB
2025-03-09 14:10:13,265 - ERROR - Error in speech-to-text: Audio file could not be read as PCM WAV, AIFF/AIFF-C, or Native FLAC; check if file is corrupted or in another format
2025-03-09 14:10:20,254 - ERROR - Error in speech-to-text: Audio file could not be read as PCM WAV, AIFF/AIFF-C, or Native FLAC; check if file is corrupted or in another format
2025-03-09 14:10:28,972 - INFO - Client connected: FX1yLNqAwliRFB1OAAAD
2025-03-09 14:10:29,386 - INFO - Voice synthesizer initialized
2025-03-09 14:10:29,393 - INFO - AI Assistant initialized
2025-03-09 14:10:29,393 - INFO - Search API initialized
2025-03-09 14:10:29,979 - INFO - Voice synthesizer initialized
2025-03-09 14:10:29,980 - INFO - AI Assistant initialized
2025-03-09 14:10:29,980 - INFO - Search API initialized
2025-03-09 14:10:51,748 - INFO - Client disconnected: FX1yLNqAwliRFB1OAAAD
2025-03-09 14:10:53,646 - INFO - Voice synthesizer initialized
2025-03-09 14:10:53,647 - INFO - AI Assistant initialized
2025-03-09 14:10:53,647 - INFO - Search API initialized
2025-03-09 14:11:09,225 - INFO - Client disconnected: HsH261IOUWd46So2AAAB
2025-03-09 14:11:10,402 - INFO - Voice synthesizer initialized
2025-03-09 14:11:10,402 - INFO - AI Assistant initialized
2025-03-09 14:11:10,402 - INFO - Search API initialized
2025-03-09 14:11:11,278 - INFO - Client connected: 0NirE33ZoTE79qs5AAAB
2025-03-09 14:11:22,519 - INFO - Client disconnected: 0NirE33ZoTE79qs5AAAB
2025-03-09 14:11:23,316 - INFO - Client connected: CIAxLl0ygU_EwTntAAAD
2025-03-09 14:11:45,444 - INFO - Voice synthesizer initialized
2025-03-09 14:11:45,444 - INFO - AI Assistant initialized
2025-03-09 14:11:45,444 - INFO - Search API initialized
2025-03-09 14:11:45,820 - INFO - Voice synthesizer initialized
2025-03-09 14:11:45,820 - INFO - AI Assistant initialized
2025-03-09 14:11:45,821 - INFO - Search API initialized
2025-03-09 14:11:46,750 - INFO - Client connected: P65xaEvi6ndxA3HUAAAB
2025-03-09 14:11:54,782 - INFO - Client disconnected: P65xaEvi6ndxA3HUAAAB
2025-03-09 14:11:55,977 - INFO - Client connected: pKciPYMHvZQsf5lvAAAD
2025-03-09 14:12:04,702 - INFO - Client connected: hGbRS3jnMvgC6xZ2AAAF
2025-03-09 14:12:05,238 - INFO - Client disconnected: pKciPYMHvZQsf5lvAAAD
2025-03-09 14:12:07,288 - INFO - Voice synthesizer initialized
2025-03-09 14:12:07,289 - INFO - AI Assistant initialized
2025-03-09 14:12:07,298 - INFO - Search API initialized
2025-03-09 14:12:07,423 - INFO - Client connected: nISTinKV0di5MXxNAAAH
2025-03-09 14:12:07,554 - INFO - Voice synthesizer initialized
2025-03-09 14:12:07,555 - INFO - AI Assistant initialized
2025-03-09 14:12:07,555 - INFO - Search API initialized
2025-03-09 14:13:06,855 - INFO - Client disconnected: hGbRS3jnMvgC6xZ2AAAF
2025-03-09 14:14:29,272 - INFO - Client disconnected: nISTinKV0di5MXxNAAAH
2025-03-09 14:14:50,113 - INFO - Voice synthesizer initialized
2025-03-09 14:14:50,114 - INFO - AI Assistant initialized
2025-03-09 14:14:50,114 - INFO - Search API initialized
2025-03-09 14:14:50,499 - INFO - Voice synthesizer initialized
2025-03-09 14:14:50,500 - INFO - AI Assistant initialized
2025-03-09 14:14:50,500 - INFO - Search API initialized
2025-03-09 14:15:26,178 - INFO - Voice synthesizer initialized
2025-03-09 14:15:26,179 - INFO - AI Assistant initialized
2025-03-09 14:15:26,179 - INFO - Search API initialized
2025-03-09 14:15:57,044 - INFO - Voice synthesizer initialized
2025-03-09 14:15:57,045 - INFO - AI Assistant initialized
2025-03-09 14:15:57,045 - INFO - Search API initialized
2025-03-09 14:15:57,441 - INFO - Voice synthesizer initialized
2025-03-09 14:15:57,442 - INFO - AI Assistant initialized
2025-03-09 14:15:57,442 - INFO - Search API initialized
2025-03-09 14:16:11,512 - INFO - Client connected: Yi1IOCPby9RDQZAZAAAB
2025-03-09 14:16:14,607 - ERROR - Error in speech-to-text: Audio file could not be read as PCM WAV, AIFF/AIFF-C, or Native FLAC; check if file is corrupted or in another format
2025-03-09 14:16:16,051 - ERROR - Error in speech-to-text: Audio file could not be read as PCM WAV, AIFF/AIFF-C, or Native FLAC; check if file is corrupted or in another format
2025-03-09 14:16:16,275 - INFO - Client connected: k5ibHVA-i-MYnAYQAAAD
2025-03-09 14:16:18,074 - INFO - Voice synthesizer initialized
2025-03-09 14:16:18,075 - INFO - AI Assistant initialized
2025-03-09 14:16:18,075 - INFO - Search API initialized
2025-03-09 14:16:18,382 - INFO - Voice synthesizer initialized
2025-03-09 14:16:18,383 - INFO - AI Assistant initialized
2025-03-09 14:16:18,383 - INFO - Search API initialized
2025-03-09 14:16:20,244 - ERROR - Error in speech-to-text: Audio file could not be read as PCM WAV, AIFF/AIFF-C, or Native FLAC; check if file is corrupted or in another format
2025-03-09 14:17:00,707 - INFO - Client disconnected: k5ibHVA-i-MYnAYQAAAD
2025-03-09 14:18:31,113 - INFO - Client disconnected: Yi1IOCPby9RDQZAZAAAB
2025-03-09 14:19:28,641 - INFO - Voice synthesizer initialized
2025-03-09 14:19:28,642 - INFO - AI Assistant initialized
2025-03-09 14:19:28,642 - INFO - Search API initialized
2025-03-09 14:20:25,217 - INFO - Voice synthesizer initialized
2025-03-09 14:20:25,218 - INFO - AI Assistant initialized
2025-03-09 14:20:25,218 - INFO - Search API initialized
2025-03-09 14:20:25,602 - INFO - Voice synthesizer initialized
2025-03-09 14:20:25,602 - INFO - AI Assistant initialized
2025-03-09 14:20:25,602 - INFO - Search API initialized
2025-03-09 14:20:45,770 - INFO - Voice synthesizer initialized
2025-03-09 14:20:45,770 - INFO - AI Assistant initialized
2025-03-09 14:20:45,771 - INFO - Search API initialized
2025-03-09 14:20:46,434 - INFO - Voice synthesizer initialized
2025-03-09 14:20:46,434 - INFO - AI Assistant initialized
2025-03-09 14:20:46,435 - INFO - Search API initialized
2025-03-09 14:20:46,981 - INFO - Client connected: worlbY97R0TU3v1AAAAB
2025-03-09 14:21:04,852 - INFO - Client disconnected: worlbY97R0TU3v1AAAAB
2025-03-09 14:21:06,124 - INFO - Voice synthesizer initialized
2025-03-09 14:21:06,124 - INFO - AI Assistant initialized
2025-03-09 14:21:06,125 - INFO - Search API initialized
2025-03-09 14:22:34,988 - INFO - Voice synthesizer initialized
2025-03-09 14:22:34,989 - INFO - AI Assistant initialized
2025-03-09 14:22:34,989 - INFO - Search API initialized
2025-03-09 14:22:35,347 - INFO - Voice synthesizer initialized
2025-03-09 14:22:35,347 - INFO - AI Assistant initialized
2025-03-09 14:22:35,347 - INFO - Search API initialized
2025-03-09 14:23:04,348 - INFO - Client connected: zmdY62-q8qtHjUh6AAAB
2025-03-09 14:23:07,479 - INFO - Voice synthesizer initialized
2025-03-09 14:23:07,479 - INFO - AI Assistant initialized
2025-03-09 14:23:07,480 - INFO - Search API initialized
2025-03-09 14:23:07,891 - INFO - Voice synthesizer initialized
2025-03-09 14:23:07,892 - INFO - AI Assistant initialized
2025-03-09 14:23:07,892 - INFO - Search API initialized
2025-03-09 14:24:04,996 - INFO - Client disconnected: zmdY62-q8qtHjUh6AAAB
2025-03-09 14:26:11,916 - INFO - Voice synthesizer initialized
2025-03-09 14:26:11,917 - INFO - AI Assistant initialized
2025-03-09 14:26:11,917 - INFO - Search API initialized
2025-03-09 14:33:14,487 - INFO - Voice synthesizer initialized
2025-03-09 14:33:14,487 - INFO - AI Assistant initialized
2025-03-09 14:33:14,488 - INFO - Search API initialized
2025-03-09 14:34:09,094 - INFO - Client connected: K8czDWQd76x-kv_0AAAD
2025-03-09 14:35:35,819 - INFO - Client disconnected: K8czDWQd76x-kv_0AAAD
2025-03-09 14:37:59,583 - INFO - Client connected: 9Jj15lEIyfTS4aVXAAAF
2025-03-09 14:42:05,388 - INFO - Client disconnected: 9Jj15lEIyfTS4aVXAAAF
2025-03-09 14:42:07,814 - INFO - Client connected: TB6_Vtr8jJ9tXhEQAAAH
2025-03-09 14:42:30,431 - INFO - Voice synthesizer initialized
2025-03-09 14:42:30,433 - INFO - AI Assistant initialized
2025-03-09 14:42:30,434 - INFO - Search API initialized
2025-03-09 15:07:19,278 - INFO - Client disconnected: TB6_Vtr8jJ9tXhEQAAAH
